<?xml version="1.0" encoding="UTF-8"?>
<testsuite name="com.example.demo.DemoApplicationTests" tests="1" skipped="0" failures="0" errors="0" timestamp="2024-01-07T10:55:29" hostname="DESKTOP-N4JT1Q0" time="0.529">
  <properties/>
  <testcase name="contextLoads()" classname="com.example.demo.DemoApplicationTests" time="0.529"/>
  <system-out><![CDATA[16:55:24.729 [Test worker] INFO org.springframework.test.context.support.AnnotationConfigContextLoaderUtils -- Could not detect default configuration classes for test class [com.example.demo.DemoApplicationTests]: DemoApplicationTests does not declare any static, non-private, non-final, nested classes annotated with @Configuration.
16:55:24.856 [Test worker] INFO org.springframework.boot.test.context.SpringBootTestContextBootstrapper -- Found @SpringBootConfiguration com.example.DemoApplication for test class com.example.demo.DemoApplicationTests

  .   ____          _            __ _ _
 /\\ / ___'_ __ _ _(_)_ __  __ _ \ \ \ \
( ( )\___ | '_ | '_| | '_ \/ _` | \ \ \ \
 \\/  ___)| |_)| | | | | || (_| |  ) ) ) )
  '  |____| .__|_| |_|_| |_\__, | / / / /
 =========|_|==============|___/=/_/_/_/
 :: Spring Boot ::                (v3.1.5)

2024-01-07T16:55:25.372+06:00  INFO 20220 --- [    Test worker] com.example.demo.DemoApplicationTests    : Starting DemoApplicationTests using Java 17.0.9 with PID 20220 (started by qutja in C:\Users\qutja\Documents\Java projects\ielts)
2024-01-07T16:55:25.373+06:00  INFO 20220 --- [    Test worker] com.example.demo.DemoApplicationTests    : No active profile set, falling back to 1 default profile: "default"
2024-01-07T16:55:26.149+06:00  INFO 20220 --- [    Test worker] .s.d.r.c.RepositoryConfigurationDelegate : Bootstrapping Spring Data JPA repositories in DEFAULT mode.
2024-01-07T16:55:26.242+06:00  INFO 20220 --- [    Test worker] .s.d.r.c.RepositoryConfigurationDelegate : Finished Spring Data repository scanning in 77 ms. Found 6 JPA repository interfaces.
2024-01-07T16:55:26.760+06:00  INFO 20220 --- [    Test worker] o.hibernate.jpa.internal.util.LogHelper  : HHH000204: Processing PersistenceUnitInfo [name: default]
2024-01-07T16:55:26.838+06:00  INFO 20220 --- [    Test worker] org.hibernate.Version                    : HHH000412: Hibernate ORM core version 6.2.13.Final
2024-01-07T16:55:26.842+06:00  INFO 20220 --- [    Test worker] org.hibernate.cfg.Environment            : HHH000406: Using bytecode reflection optimizer
2024-01-07T16:55:27.195+06:00  INFO 20220 --- [    Test worker] o.s.o.j.p.SpringPersistenceUnitInfo      : No LoadTimeWeaver setup: ignoring JPA class transformer
2024-01-07T16:55:27.231+06:00  INFO 20220 --- [    Test worker] com.zaxxer.hikari.HikariDataSource       : HikariPool-1 - Starting...
2024-01-07T16:55:27.429+06:00  INFO 20220 --- [    Test worker] com.zaxxer.hikari.pool.HikariPool        : HikariPool-1 - Added connection org.postgresql.jdbc.PgConnection@350bbd5d
2024-01-07T16:55:27.431+06:00  INFO 20220 --- [    Test worker] com.zaxxer.hikari.HikariDataSource       : HikariPool-1 - Start completed.
2024-01-07T16:55:28.519+06:00  INFO 20220 --- [    Test worker] o.h.e.t.j.p.i.JtaPlatformInitiator       : HHH000489: No JTA platform available (set 'hibernate.transaction.jta.platform' to enable JTA platform integration)
2024-01-07T16:55:28.598+06:00  INFO 20220 --- [    Test worker] j.LocalContainerEntityManagerFactoryBean : Initialized JPA EntityManagerFactory for persistence unit 'default'
2024-01-07T16:55:29.068+06:00  INFO 20220 --- [    Test worker] o.s.d.j.r.query.QueryEnhancerFactory     : Hibernate is in classpath; If applicable, HQL parser will be used.
2024-01-07T16:55:29.165+06:00  WARN 20220 --- [    Test worker] JpaBaseConfiguration$JpaWebConfiguration : spring.jpa.open-in-view is enabled by default. Therefore, database queries may be performed during view rendering. Explicitly configure spring.jpa.open-in-view to disable this warning
2024-01-07T16:55:29.369+06:00  INFO 20220 --- [    Test worker] o.s.s.web.DefaultSecurityFilterChain     : Will secure any request with [org.springframework.security.web.session.DisableEncodeUrlFilter@574413bd, org.springframework.security.web.context.request.async.WebAsyncManagerIntegrationFilter@3ad9fea, org.springframework.security.web.context.SecurityContextHolderFilter@34a99d8, org.springframework.security.web.header.HeaderWriterFilter@21539796, org.springframework.security.web.csrf.CsrfFilter@74ab8610, org.springframework.security.web.authentication.logout.LogoutFilter@2e096ac0, org.springframework.security.oauth2.client.web.OAuth2AuthorizationRequestRedirectFilter@3e265811, org.springframework.security.oauth2.client.web.OAuth2LoginAuthenticationFilter@55a07f97, org.springframework.security.web.authentication.UsernamePasswordAuthenticationFilter@33986be7, org.springframework.security.web.authentication.ui.DefaultLoginPageGeneratingFilter@47fbf95e, org.springframework.security.web.authentication.ui.DefaultLogoutPageGeneratingFilter@556e4588, org.springframework.security.web.savedrequest.RequestCacheAwareFilter@13e6c544, org.springframework.security.web.servletapi.SecurityContextHolderAwareRequestFilter@623ed5ed, org.springframework.security.web.authentication.AnonymousAuthenticationFilter@4f5df012, org.springframework.security.web.access.ExceptionTranslationFilter@32eb38e5, org.springframework.security.web.access.intercept.AuthorizationFilter@755033c5]
2024-01-07T16:55:29.893+06:00  INFO 20220 --- [    Test worker] com.example.demo.DemoApplicationTests    : Started DemoApplicationTests in 4.807 seconds (process running for 6.27)
]]></system-out>
  <system-err><![CDATA[]]></system-err>
</testsuite>
